<?xml version="1.0" encoding="UTF-8"?>
<!-- Generated by org.testng.reporters.JUnitReportReporter -->
<testsuite hostname="DESKTOP-KITN1IN" failures="0" tests="1" name="testscript.ManageContactTest" time="5.678" errors="0" timestamp="2024-08-19T13:44:05 IST" skipped="0">
  <testcase classname="testscript.ManageContactTest" name="VerifyWhetherUserIsAbleToUpdateManageContact" time="5.678"/>
</testsuite> <!-- testscript.ManageContactTest -->
