<?xml version="1.0" encoding="UTF-8"?>
<!-- Generated by org.testng.reporters.JUnitReportReporter -->
<testsuite hostname="DESKTOP-KITN1IN" failures="0" tests="1" name="testscript.AdminUserTest" time="3.970" errors="0" timestamp="2024-08-19T13:36:15 IST" skipped="0">
  <testcase classname="testscript.AdminUserTest" name="VerifyWhetherUserIsAbleToCreateNewUser" time="3.970"/>
</testsuite> <!-- testscript.AdminUserTest -->
