<?xml version="1.0" encoding="UTF-8"?>
<!-- Generated by org.testng.reporters.JUnitReportReporter -->
<testsuite hostname="DESKTOP-KITN1IN" failures="0" tests="4" name="testscript.LoginTest" time="28.869" errors="0" timestamp="2024-08-28T14:31:07 IST" skipped="0">
  <testcase classname="testscript.LoginTest" name="VerifyWhetherUserIsAbleToLoginUsingInvalidUsernameAndValidPassword" time="7.210"/>
  <testcase classname="testscript.LoginTest" name="VerifyWhetherUserIsAbleToLoginUsingValidUsernameAndInvalidPassword" time="5.696"/>
  <testcase classname="testscript.LoginTest" name="VerifyWhetherUserIsAbleToLoginUsingValidCredentials" time="7.612"/>
  <testcase classname="testscript.LoginTest" name="VerifyWhetherUserIsAbleToLoginUsingInvalidUsernameAndInvalidPassword" time="8.351"/>
</testsuite> <!-- testscript.LoginTest -->
