<?xml version="1.0" encoding="UTF-8"?>
<!-- Generated by org.testng.reporters.JUnitReportReporter -->
<testsuite hostname="DESKTOP-KITN1IN" failures="0" tests="1" name="testscript.ManagerFooterTest" time="8.810" errors="0" timestamp="2024-09-11T23:38:11 IST" skipped="0">
  <testcase classname="testscript.ManagerFooterTest" name="VerifyWhetherUserCanUpdateManageFooter" time="8.810"/>
</testsuite> <!-- testscript.ManagerFooterTest -->
