<?xml version="1.0" encoding="UTF-8"?>
<!-- Generated by org.testng.reporters.JUnitReportReporter -->
<testsuite hostname="DESKTOP-KITN1IN" failures="0" tests="1" name="testscript.ManageNewsTest" time="8.774" errors="0" timestamp="2024-09-10T13:43:43 IST" skipped="0">
  <testcase classname="testscript.ManageNewsTest" name="VerifyWhetherUserIsAbleToAddNews" time="8.774"/>
</testsuite> <!-- testscript.ManageNewsTest -->
