<?xml version="1.0" encoding="UTF-8"?>
<!-- Generated by org.testng.reporters.JUnitReportReporter -->
<testsuite hostname="DESKTOP-KITN1IN" failures="0" tests="1" name="testscript.ManagerFooterTest" time="4.651" errors="0" timestamp="2024-08-19T09:53:58 IST" skipped="0">
  <testcase classname="testscript.ManagerFooterTest" name="VerifyWhetherUserCanUpdateManageFooter" time="4.651"/>
</testsuite> <!-- testscript.ManagerFooterTest -->
