<?xml version="1.0" encoding="UTF-8"?>
<!-- Generated by org.testng.reporters.JUnitReportReporter -->
<testsuite hostname="DESKTOP-KITN1IN" failures="0" tests="1" name="testscript.ManageSubCategoryTest" time="2.154" errors="0" timestamp="2024-08-15T23:35:25 IST" skipped="0">
  <testcase classname="testscript.ManageSubCategoryTest" name="VerifyWhetherUserCanChangeStatus" time="2.154"/>
</testsuite> <!-- testscript.ManageSubCategoryTest -->
