<?xml version="1.0" encoding="UTF-8"?>
<!-- Generated by org.testng.reporters.JUnitReportReporter -->
<testsuite hostname="DESKTOP-KITN1IN" failures="0" tests="2" name="testscript.AdminUserTest" time="14.355" errors="0" timestamp="2024-09-11T20:40:14 IST" skipped="0">
  <testcase classname="testscript.AdminUserTest" name="VerifyWhetherUserIsAbleToCreateNewUser" time="7.167"/>
  <testcase classname="testscript.AdminUserTest" name="VerifyWhetherAdminCanChangeLockStatus" time="7.188"/>
</testsuite> <!-- testscript.AdminUserTest -->
