<?xml version="1.0" encoding="UTF-8"?>
<!-- Generated by org.testng.reporters.JUnitReportReporter -->
<testsuite hostname="DESKTOP-KITN1IN" failures="0" tests="1" name="testscript.ManageContactTest" time="13.089" errors="0" timestamp="2024-09-11T23:14:17 IST" skipped="0">
  <testcase classname="testscript.ManageContactTest" name="VerifyWhetherUserIsAbleToUpdateManageContact" time="13.089"/>
</testsuite> <!-- testscript.ManageContactTest -->
